<?xml version="1.0" encoding="UTF-8"?>
<testsuite xmlns:xsi="http://www.w3.org/2001/XMLSchema-instance" xsi:noNamespaceSchemaLocation="https://maven.apache.org/surefire/maven-surefire-plugin/xsd/surefire-test-report.xsd" name="io.microsamples.integrations.soap.CxfStarterApplicationTests" time="10.133" tests="3" errors="0" skipped="0" failures="0">
  <properties>
[...]
</properties>
  <testcase name="shouldCallWeatherServiceUsingBootService" classname="io.microsamples.integrations.soap.CxfStarterApplicationTests" time="0.962"/>
  <testcase name="shouldCallHolidayDate" classname="io.microsamples.integrations.soap.CxfStarterApplicationTests" time="6.501"/>
  <testcase name="shouldCallWithoutSpringBoot" classname="io.microsamples.integrations.soap.CxfStarterApplicationTests" time="0.76"/>
</testsuite>